2018-02-22 09:44:51,673 [Worker-0] INFO  c.g.t.t.d.PublishedGradleVersions - Gradle version information cache is up-to-date. Trying to read.
2018-02-27 19:51:02,113 [Start Help Server] INFO  org.eclipse.jetty.util.log - Logging initialized @468444477ms to org.eclipse.jetty.util.log.Slf4jLog
2018-02-27 19:51:02,251 [Start Help Server] INFO  org.eclipse.jetty.server.Server - jetty-9.4.7.v20170914
2018-02-27 19:51:02,281 [Start Help Server] INFO  org.eclipse.jetty.server.session - DefaultSessionIdManager workerName=node0
2018-02-27 19:51:02,282 [Start Help Server] INFO  org.eclipse.jetty.server.session - No SessionScavenger set, using defaults
2018-02-27 19:51:02,283 [Start Help Server] INFO  org.eclipse.jetty.server.session - Scavenging every 600000ms
2018-02-27 19:51:02,316 [Start Help Server] INFO  o.e.j.server.handler.ContextHandler - Started o.e.j.s.ServletContextHandler@3a8fafd0{/help,null,AVAILABLE}
2018-02-27 19:51:02,337 [Start Help Server] INFO  o.e.jetty.server.AbstractConnector - Started ServerConnector@56284664{HTTP/1.1,[http/1.1]}{127.0.0.1:53378}
2018-02-27 19:51:02,338 [Start Help Server] INFO  org.eclipse.jetty.server.Server - Started @468444702ms
2018-02-27 19:51:16,389 [qtp1677767154-2969] WARN  o.eclipse.jetty.server.HttpChannel - /help/advanced/searchView.jsp
org.apache.jasper.JasperException: org.eclipse.jetty.io.RuntimeIOException: org.eclipse.jetty.io.EofException
	at org.apache.jasper.servlet.JspServletWrapper.service(JspServletWrapper.java:432) ~[na:na]
	at org.apache.jasper.servlet.JspServlet.serviceJspFile(JspServlet.java:492) ~[na:na]
	at org.apache.jasper.servlet.JspServlet.service(JspServlet.java:378) ~[na:na]
	at javax.servlet.http.HttpServlet.service(HttpServlet.java:790) ~[javax.servlet_3.1.0.v201410161800.jar:3.1.0]
	at org.eclipse.equinox.jsp.jasper.JspServlet.service(JspServlet.java:155) ~[na:na]
	at javax.servlet.http.HttpServlet.service(HttpServlet.java:790) ~[javax.servlet_3.1.0.v201410161800.jar:3.1.0]
	at org.eclipse.equinox.http.registry.internal.ServletManager$ServletWrapper.service(ServletManager.java:180) ~[na:na]
	at org.eclipse.equinox.http.servlet.internal.HttpServiceRuntimeImpl$LegacyServlet.service(HttpServiceRuntimeImpl.java:1223) ~[na:na]
	at org.eclipse.equinox.http.servlet.internal.registration.EndpointRegistration.service(EndpointRegistration.java:148) ~[na:na]
	at org.eclipse.equinox.http.servlet.internal.servlet.ResponseStateHandler.processRequest(ResponseStateHandler.java:62) ~[na:na]
	at org.eclipse.equinox.http.servlet.internal.context.DispatchTargets.doDispatch(DispatchTargets.java:131) ~[na:na]
	at org.eclipse.equinox.http.servlet.internal.servlet.ProxyServlet.service(ProxyServlet.java:74) ~[na:na]
	at javax.servlet.http.HttpServlet.service(HttpServlet.java:790) ~[javax.servlet_3.1.0.v201410161800.jar:3.1.0]
	at org.eclipse.equinox.http.jetty.internal.HttpServerManager$InternalHttpServiceServlet.service(HttpServerManager.java:284) ~[na:na]
	at org.eclipse.jetty.servlet.ServletHolder.handle(ServletHolder.java:841) ~[na:na]
	at org.eclipse.jetty.servlet.ServletHandler.doHandle(ServletHandler.java:535) ~[na:na]
	at org.eclipse.jetty.server.handler.ScopedHandler.nextHandle(ScopedHandler.java:188) ~[org.eclipse.jetty.server_9.4.7.v20170914.jar:9.4.7.v20170914]
	at org.eclipse.jetty.server.session.SessionHandler.doHandle(SessionHandler.java:1595) ~[org.eclipse.jetty.server_9.4.7.v20170914.jar:9.4.7.v20170914]
	at org.eclipse.jetty.server.handler.ScopedHandler.nextHandle(ScopedHandler.java:188) ~[org.eclipse.jetty.server_9.4.7.v20170914.jar:9.4.7.v20170914]
	at org.eclipse.jetty.server.handler.ContextHandler.doHandle(ContextHandler.java:1253) ~[org.eclipse.jetty.server_9.4.7.v20170914.jar:9.4.7.v20170914]
	at org.eclipse.jetty.server.handler.ScopedHandler.nextScope(ScopedHandler.java:168) ~[org.eclipse.jetty.server_9.4.7.v20170914.jar:9.4.7.v20170914]
	at org.eclipse.jetty.servlet.ServletHandler.doScope(ServletHandler.java:473) ~[na:na]
	at org.eclipse.jetty.server.session.SessionHandler.doScope(SessionHandler.java:1564) ~[org.eclipse.jetty.server_9.4.7.v20170914.jar:9.4.7.v20170914]
	at org.eclipse.jetty.server.handler.ScopedHandler.nextScope(ScopedHandler.java:166) ~[org.eclipse.jetty.server_9.4.7.v20170914.jar:9.4.7.v20170914]
	at org.eclipse.jetty.server.handler.ContextHandler.doScope(ContextHandler.java:1155) ~[org.eclipse.jetty.server_9.4.7.v20170914.jar:9.4.7.v20170914]
	at org.eclipse.jetty.server.handler.ScopedHandler.handle(ScopedHandler.java:141) ~[org.eclipse.jetty.server_9.4.7.v20170914.jar:9.4.7.v20170914]
	at org.eclipse.jetty.server.handler.HandlerWrapper.handle(HandlerWrapper.java:132) ~[org.eclipse.jetty.server_9.4.7.v20170914.jar:9.4.7.v20170914]
	at org.eclipse.jetty.server.Server.handle(Server.java:561) ~[org.eclipse.jetty.server_9.4.7.v20170914.jar:9.4.7.v20170914]
	at org.eclipse.jetty.server.HttpChannel.handle(HttpChannel.java:334) ~[org.eclipse.jetty.server_9.4.7.v20170914.jar:9.4.7.v20170914]
	at org.eclipse.jetty.server.HttpConnection.onFillable(HttpConnection.java:251) [org.eclipse.jetty.server_9.4.7.v20170914.jar:9.4.7.v20170914]
	at org.eclipse.jetty.io.AbstractConnection$ReadCallback.succeeded(AbstractConnection.java:279) [org.eclipse.jetty.io_9.4.7.v20170914.jar:9.4.7.v20170914]
	at org.eclipse.jetty.io.FillInterest.fillable(FillInterest.java:104) [org.eclipse.jetty.io_9.4.7.v20170914.jar:9.4.7.v20170914]
	at org.eclipse.jetty.io.ChannelEndPoint$2.run(ChannelEndPoint.java:124) [org.eclipse.jetty.io_9.4.7.v20170914.jar:9.4.7.v20170914]
	at org.eclipse.jetty.util.thread.strategy.EatWhatYouKill.doProduce(EatWhatYouKill.java:247) [org.eclipse.jetty.util_9.4.7.v20170914.jar:9.4.7.v20170914]
	at org.eclipse.jetty.util.thread.strategy.EatWhatYouKill.produce(EatWhatYouKill.java:140) [org.eclipse.jetty.util_9.4.7.v20170914.jar:9.4.7.v20170914]
	at org.eclipse.jetty.util.thread.strategy.EatWhatYouKill.run(EatWhatYouKill.java:131) [org.eclipse.jetty.util_9.4.7.v20170914.jar:9.4.7.v20170914]
	at org.eclipse.jetty.util.thread.ReservedThreadExecutor$ReservedThread.run(ReservedThreadExecutor.java:243) [org.eclipse.jetty.util_9.4.7.v20170914.jar:9.4.7.v20170914]
	at org.eclipse.jetty.util.thread.QueuedThreadPool.runJob(QueuedThreadPool.java:679) [org.eclipse.jetty.util_9.4.7.v20170914.jar:9.4.7.v20170914]
	at org.eclipse.jetty.util.thread.QueuedThreadPool$2.run(QueuedThreadPool.java:597) [org.eclipse.jetty.util_9.4.7.v20170914.jar:9.4.7.v20170914]
	at java.lang.Thread.run(Unknown Source) [na:1.8.0_161]
Caused by: org.eclipse.jetty.io.RuntimeIOException: org.eclipse.jetty.io.EofException
	at org.eclipse.jetty.server.ResponseWriter.isOpen(ResponseWriter.java:133) ~[org.eclipse.jetty.server_9.4.7.v20170914.jar:9.4.7.v20170914]
	at org.eclipse.jetty.server.ResponseWriter.write(ResponseWriter.java:202) ~[org.eclipse.jetty.server_9.4.7.v20170914.jar:9.4.7.v20170914]
	at java.io.PrintWriter.write(Unknown Source) ~[na:1.8.0_161]
	at org.eclipse.equinox.http.servlet.internal.servlet.HttpServletResponseWrapperImpl$InternalWriter.write(HttpServletResponseWrapperImpl.java:176) ~[na:na]
	at org.apache.jasper.runtime.JspWriterImpl.flushBuffer(JspWriterImpl.java:185) ~[na:na]
	at org.apache.jasper.runtime.JspWriterImpl.write(JspWriterImpl.java:458) ~[na:na]
	at org.apache.jasper.runtime.JspWriterImpl.write(JspWriterImpl.java:471) ~[na:na]
	at org.apache.jasper.runtime.JspWriterImpl.print(JspWriterImpl.java:596) ~[na:na]
	at org.apache.jsp.advanced.searchView_jsp._jspService(org.apache.jsp.advanced.searchView_jsp:457) ~[na:na]
	at org.apache.jasper.runtime.HttpJspBase.service(HttpJspBase.java:111) ~[na:na]
	at javax.servlet.http.HttpServlet.service(HttpServlet.java:790) ~[javax.servlet_3.1.0.v201410161800.jar:3.1.0]
	at org.apache.jasper.servlet.JspServletWrapper.service(JspServletWrapper.java:403) ~[na:na]
	... 39 common frames omitted
Caused by: org.eclipse.jetty.io.EofException: null
	at org.eclipse.jetty.io.ChannelEndPoint.flush(ChannelEndPoint.java:292) ~[org.eclipse.jetty.io_9.4.7.v20170914.jar:9.4.7.v20170914]
	at org.eclipse.jetty.io.WriteFlusher.flush(WriteFlusher.java:429) ~[org.eclipse.jetty.io_9.4.7.v20170914.jar:9.4.7.v20170914]
	at org.eclipse.jetty.io.WriteFlusher.write(WriteFlusher.java:322) ~[org.eclipse.jetty.io_9.4.7.v20170914.jar:9.4.7.v20170914]
	at org.eclipse.jetty.io.AbstractEndPoint.write(AbstractEndPoint.java:372) ~[org.eclipse.jetty.io_9.4.7.v20170914.jar:9.4.7.v20170914]
	at org.eclipse.jetty.server.HttpConnection$SendCallback.process(HttpConnection.java:742) ~[org.eclipse.jetty.server_9.4.7.v20170914.jar:9.4.7.v20170914]
	at org.eclipse.jetty.util.IteratingCallback.processing(IteratingCallback.java:241) ~[org.eclipse.jetty.util_9.4.7.v20170914.jar:9.4.7.v20170914]
	at org.eclipse.jetty.util.IteratingCallback.iterate(IteratingCallback.java:224) ~[org.eclipse.jetty.util_9.4.7.v20170914.jar:9.4.7.v20170914]
	at org.eclipse.jetty.server.HttpConnection.send(HttpConnection.java:522) [org.eclipse.jetty.server_9.4.7.v20170914.jar:9.4.7.v20170914]
	at org.eclipse.jetty.server.HttpChannel.sendResponse(HttpChannel.java:730) ~[org.eclipse.jetty.server_9.4.7.v20170914.jar:9.4.7.v20170914]
	at org.eclipse.jetty.server.HttpChannel.write(HttpChannel.java:786) ~[org.eclipse.jetty.server_9.4.7.v20170914.jar:9.4.7.v20170914]
	at org.eclipse.jetty.server.HttpOutput.write(HttpOutput.java:234) ~[org.eclipse.jetty.server_9.4.7.v20170914.jar:9.4.7.v20170914]
	at org.eclipse.jetty.server.HttpOutput.write(HttpOutput.java:218) ~[org.eclipse.jetty.server_9.4.7.v20170914.jar:9.4.7.v20170914]
	at org.eclipse.jetty.server.HttpOutput.write(HttpOutput.java:509) ~[org.eclipse.jetty.server_9.4.7.v20170914.jar:9.4.7.v20170914]
	at java.io.ByteArrayOutputStream.writeTo(Unknown Source) ~[na:1.8.0_161]
	at org.eclipse.jetty.server.Utf8HttpWriter.write(Utf8HttpWriter.java:183) ~[org.eclipse.jetty.server_9.4.7.v20170914.jar:9.4.7.v20170914]
	at org.eclipse.jetty.server.ResponseWriter.write(ResponseWriter.java:203) ~[org.eclipse.jetty.server_9.4.7.v20170914.jar:9.4.7.v20170914]
	at java.io.PrintWriter.write(Unknown Source) ~[na:1.8.0_161]
	at org.eclipse.equinox.http.servlet.internal.servlet.HttpServletResponseWrapperImpl$InternalWriter.write(HttpServletResponseWrapperImpl.java:176) ~[na:na]
	at org.apache.jasper.runtime.JspWriterImpl.flushBuffer(JspWriterImpl.java:185) ~[na:na]
	at org.apache.jasper.runtime.JspWriterImpl.write(JspWriterImpl.java:458) ~[na:na]
	at org.apache.jasper.runtime.JspWriterImpl.write(JspWriterImpl.java:471) ~[na:na]
	at org.apache.jsp.advanced.searchView_jsp._jspService(org.apache.jsp.advanced.searchView_jsp:479) ~[na:na]
	... 42 common frames omitted
Caused by: java.io.IOException: An existing connection was forcibly closed by the remote host
	at sun.nio.ch.SocketDispatcher.writev0(Native Method) ~[na:1.8.0_161]
	at sun.nio.ch.SocketDispatcher.writev(Unknown Source) ~[na:1.8.0_161]
	at sun.nio.ch.IOUtil.write(Unknown Source) ~[na:1.8.0_161]
	at sun.nio.ch.SocketChannelImpl.write(Unknown Source) ~[na:1.8.0_161]
	at org.eclipse.jetty.io.ChannelEndPoint.flush(ChannelEndPoint.java:272) ~[org.eclipse.jetty.io_9.4.7.v20170914.jar:9.4.7.v20170914]
	... 63 common frames omitted
2018-02-27 19:51:16,389 [qtp1677767154-2970] WARN  o.eclipse.jetty.server.HttpChannel - /help/advanced/searchView.jsp
org.apache.jasper.JasperException: org.eclipse.jetty.io.RuntimeIOException: org.eclipse.jetty.io.EofException
	at org.apache.jasper.servlet.JspServletWrapper.service(JspServletWrapper.java:432) ~[na:na]
	at org.apache.jasper.servlet.JspServlet.serviceJspFile(JspServlet.java:492) ~[na:na]
	at org.apache.jasper.servlet.JspServlet.service(JspServlet.java:378) ~[na:na]
	at javax.servlet.http.HttpServlet.service(HttpServlet.java:790) ~[javax.servlet_3.1.0.v201410161800.jar:3.1.0]
	at org.eclipse.equinox.jsp.jasper.JspServlet.service(JspServlet.java:155) ~[na:na]
	at javax.servlet.http.HttpServlet.service(HttpServlet.java:790) ~[javax.servlet_3.1.0.v201410161800.jar:3.1.0]
	at org.eclipse.equinox.http.registry.internal.ServletManager$ServletWrapper.service(ServletManager.java:180) ~[na:na]
	at org.eclipse.equinox.http.servlet.internal.HttpServiceRuntimeImpl$LegacyServlet.service(HttpServiceRuntimeImpl.java:1223) ~[na:na]
	at org.eclipse.equinox.http.servlet.internal.registration.EndpointRegistration.service(EndpointRegistration.java:148) ~[na:na]
	at org.eclipse.equinox.http.servlet.internal.servlet.ResponseStateHandler.processRequest(ResponseStateHandler.java:62) ~[na:na]
	at org.eclipse.equinox.http.servlet.internal.context.DispatchTargets.doDispatch(DispatchTargets.java:131) ~[na:na]
	at org.eclipse.equinox.http.servlet.internal.servlet.ProxyServlet.service(ProxyServlet.java:74) ~[na:na]
	at javax.servlet.http.HttpServlet.service(HttpServlet.java:790) ~[javax.servlet_3.1.0.v201410161800.jar:3.1.0]
	at org.eclipse.equinox.http.jetty.internal.HttpServerManager$InternalHttpServiceServlet.service(HttpServerManager.java:284) ~[na:na]
	at org.eclipse.jetty.servlet.ServletHolder.handle(ServletHolder.java:841) ~[na:na]
	at org.eclipse.jetty.servlet.ServletHandler.doHandle(ServletHandler.java:535) ~[na:na]
	at org.eclipse.jetty.server.handler.ScopedHandler.nextHandle(ScopedHandler.java:188) ~[org.eclipse.jetty.server_9.4.7.v20170914.jar:9.4.7.v20170914]
	at org.eclipse.jetty.server.session.SessionHandler.doHandle(SessionHandler.java:1595) ~[org.eclipse.jetty.server_9.4.7.v20170914.jar:9.4.7.v20170914]
	at org.eclipse.jetty.server.handler.ScopedHandler.nextHandle(ScopedHandler.java:188) ~[org.eclipse.jetty.server_9.4.7.v20170914.jar:9.4.7.v20170914]
	at org.eclipse.jetty.server.handler.ContextHandler.doHandle(ContextHandler.java:1253) ~[org.eclipse.jetty.server_9.4.7.v20170914.jar:9.4.7.v20170914]
	at org.eclipse.jetty.server.handler.ScopedHandler.nextScope(ScopedHandler.java:168) ~[org.eclipse.jetty.server_9.4.7.v20170914.jar:9.4.7.v20170914]
	at org.eclipse.jetty.servlet.ServletHandler.doScope(ServletHandler.java:473) ~[na:na]
	at org.eclipse.jetty.server.session.SessionHandler.doScope(SessionHandler.java:1564) ~[org.eclipse.jetty.server_9.4.7.v20170914.jar:9.4.7.v20170914]
	at org.eclipse.jetty.server.handler.ScopedHandler.nextScope(ScopedHandler.java:166) ~[org.eclipse.jetty.server_9.4.7.v20170914.jar:9.4.7.v20170914]
	at org.eclipse.jetty.server.handler.ContextHandler.doScope(ContextHandler.java:1155) ~[org.eclipse.jetty.server_9.4.7.v20170914.jar:9.4.7.v20170914]
	at org.eclipse.jetty.server.handler.ScopedHandler.handle(ScopedHandler.java:141) ~[org.eclipse.jetty.server_9.4.7.v20170914.jar:9.4.7.v20170914]
	at org.eclipse.jetty.server.handler.HandlerWrapper.handle(HandlerWrapper.java:132) ~[org.eclipse.jetty.server_9.4.7.v20170914.jar:9.4.7.v20170914]
	at org.eclipse.jetty.server.Server.handle(Server.java:561) ~[org.eclipse.jetty.server_9.4.7.v20170914.jar:9.4.7.v20170914]
	at org.eclipse.jetty.server.HttpChannel.handle(HttpChannel.java:334) ~[org.eclipse.jetty.server_9.4.7.v20170914.jar:9.4.7.v20170914]
	at org.eclipse.jetty.server.HttpConnection.onFillable(HttpConnection.java:251) [org.eclipse.jetty.server_9.4.7.v20170914.jar:9.4.7.v20170914]
	at org.eclipse.jetty.io.AbstractConnection$ReadCallback.succeeded(AbstractConnection.java:279) [org.eclipse.jetty.io_9.4.7.v20170914.jar:9.4.7.v20170914]
	at org.eclipse.jetty.io.FillInterest.fillable(FillInterest.java:104) [org.eclipse.jetty.io_9.4.7.v20170914.jar:9.4.7.v20170914]
	at org.eclipse.jetty.io.ChannelEndPoint$2.run(ChannelEndPoint.java:124) [org.eclipse.jetty.io_9.4.7.v20170914.jar:9.4.7.v20170914]
	at org.eclipse.jetty.util.thread.strategy.EatWhatYouKill.doProduce(EatWhatYouKill.java:247) [org.eclipse.jetty.util_9.4.7.v20170914.jar:9.4.7.v20170914]
	at org.eclipse.jetty.util.thread.strategy.EatWhatYouKill.produce(EatWhatYouKill.java:140) [org.eclipse.jetty.util_9.4.7.v20170914.jar:9.4.7.v20170914]
	at org.eclipse.jetty.util.thread.strategy.EatWhatYouKill.run(EatWhatYouKill.java:131) [org.eclipse.jetty.util_9.4.7.v20170914.jar:9.4.7.v20170914]
	at org.eclipse.jetty.util.thread.ReservedThreadExecutor$ReservedThread.run(ReservedThreadExecutor.java:243) [org.eclipse.jetty.util_9.4.7.v20170914.jar:9.4.7.v20170914]
	at org.eclipse.jetty.util.thread.QueuedThreadPool.runJob(QueuedThreadPool.java:679) [org.eclipse.jetty.util_9.4.7.v20170914.jar:9.4.7.v20170914]
	at org.eclipse.jetty.util.thread.QueuedThreadPool$2.run(QueuedThreadPool.java:597) [org.eclipse.jetty.util_9.4.7.v20170914.jar:9.4.7.v20170914]
	at java.lang.Thread.run(Unknown Source) [na:1.8.0_161]
Caused by: org.eclipse.jetty.io.RuntimeIOException: org.eclipse.jetty.io.EofException
	at org.eclipse.jetty.server.ResponseWriter.isOpen(ResponseWriter.java:133) ~[org.eclipse.jetty.server_9.4.7.v20170914.jar:9.4.7.v20170914]
	at org.eclipse.jetty.server.ResponseWriter.write(ResponseWriter.java:202) ~[org.eclipse.jetty.server_9.4.7.v20170914.jar:9.4.7.v20170914]
	at java.io.PrintWriter.write(Unknown Source) ~[na:1.8.0_161]
	at org.eclipse.equinox.http.servlet.internal.servlet.HttpServletResponseWrapperImpl$InternalWriter.write(HttpServletResponseWrapperImpl.java:176) ~[na:na]
	at org.apache.jasper.runtime.JspWriterImpl.flushBuffer(JspWriterImpl.java:185) ~[na:na]
	at org.apache.jasper.runtime.JspWriterImpl.write(JspWriterImpl.java:458) ~[na:na]
	at org.apache.jasper.runtime.JspWriterImpl.write(JspWriterImpl.java:471) ~[na:na]
	at org.apache.jasper.runtime.JspWriterImpl.print(JspWriterImpl.java:596) ~[na:na]
	at org.apache.jsp.advanced.searchView_jsp._jspService(org.apache.jsp.advanced.searchView_jsp:457) ~[na:na]
	at org.apache.jasper.runtime.HttpJspBase.service(HttpJspBase.java:111) ~[na:na]
	at javax.servlet.http.HttpServlet.service(HttpServlet.java:790) ~[javax.servlet_3.1.0.v201410161800.jar:3.1.0]
	at org.apache.jasper.servlet.JspServletWrapper.service(JspServletWrapper.java:403) ~[na:na]
	... 39 common frames omitted
Caused by: org.eclipse.jetty.io.EofException: null
	at org.eclipse.jetty.io.ChannelEndPoint.flush(ChannelEndPoint.java:292) ~[org.eclipse.jetty.io_9.4.7.v20170914.jar:9.4.7.v20170914]
	at org.eclipse.jetty.io.WriteFlusher.flush(WriteFlusher.java:429) ~[org.eclipse.jetty.io_9.4.7.v20170914.jar:9.4.7.v20170914]
	at org.eclipse.jetty.io.WriteFlusher.write(WriteFlusher.java:322) ~[org.eclipse.jetty.io_9.4.7.v20170914.jar:9.4.7.v20170914]
	at org.eclipse.jetty.io.AbstractEndPoint.write(AbstractEndPoint.java:372) ~[org.eclipse.jetty.io_9.4.7.v20170914.jar:9.4.7.v20170914]
	at org.eclipse.jetty.server.HttpConnection$SendCallback.process(HttpConnection.java:742) ~[org.eclipse.jetty.server_9.4.7.v20170914.jar:9.4.7.v20170914]
	at org.eclipse.jetty.util.IteratingCallback.processing(IteratingCallback.java:241) ~[org.eclipse.jetty.util_9.4.7.v20170914.jar:9.4.7.v20170914]
	at org.eclipse.jetty.util.IteratingCallback.iterate(IteratingCallback.java:224) ~[org.eclipse.jetty.util_9.4.7.v20170914.jar:9.4.7.v20170914]
	at org.eclipse.jetty.server.HttpConnection.send(HttpConnection.java:522) [org.eclipse.jetty.server_9.4.7.v20170914.jar:9.4.7.v20170914]
	at org.eclipse.jetty.server.HttpChannel.sendResponse(HttpChannel.java:730) ~[org.eclipse.jetty.server_9.4.7.v20170914.jar:9.4.7.v20170914]
	at org.eclipse.jetty.server.HttpChannel.write(HttpChannel.java:786) ~[org.eclipse.jetty.server_9.4.7.v20170914.jar:9.4.7.v20170914]
	at org.eclipse.jetty.server.HttpOutput.write(HttpOutput.java:234) ~[org.eclipse.jetty.server_9.4.7.v20170914.jar:9.4.7.v20170914]
	at org.eclipse.jetty.server.HttpOutput.write(HttpOutput.java:218) ~[org.eclipse.jetty.server_9.4.7.v20170914.jar:9.4.7.v20170914]
	at org.eclipse.jetty.server.HttpOutput.write(HttpOutput.java:509) ~[org.eclipse.jetty.server_9.4.7.v20170914.jar:9.4.7.v20170914]
	at java.io.ByteArrayOutputStream.writeTo(Unknown Source) ~[na:1.8.0_161]
	at org.eclipse.jetty.server.Utf8HttpWriter.write(Utf8HttpWriter.java:183) ~[org.eclipse.jetty.server_9.4.7.v20170914.jar:9.4.7.v20170914]
	at org.eclipse.jetty.server.ResponseWriter.write(ResponseWriter.java:203) ~[org.eclipse.jetty.server_9.4.7.v20170914.jar:9.4.7.v20170914]
	at java.io.PrintWriter.write(Unknown Source) ~[na:1.8.0_161]
	at org.eclipse.equinox.http.servlet.internal.servlet.HttpServletResponseWrapperImpl$InternalWriter.write(HttpServletResponseWrapperImpl.java:176) ~[na:na]
	at org.apache.jasper.runtime.JspWriterImpl.flushBuffer(JspWriterImpl.java:185) ~[na:na]
	at org.apache.jasper.runtime.JspWriterImpl.write(JspWriterImpl.java:458) ~[na:na]
	at org.apache.jasper.runtime.JspWriterImpl.write(JspWriterImpl.java:471) ~[na:na]
	at org.apache.jsp.advanced.searchView_jsp._jspService(org.apache.jsp.advanced.searchView_jsp:479) ~[na:na]
	... 42 common frames omitted
Caused by: java.io.IOException: An existing connection was forcibly closed by the remote host
	at sun.nio.ch.SocketDispatcher.writev0(Native Method) ~[na:1.8.0_161]
	at sun.nio.ch.SocketDispatcher.writev(Unknown Source) ~[na:1.8.0_161]
	at sun.nio.ch.IOUtil.write(Unknown Source) ~[na:1.8.0_161]
	at sun.nio.ch.SocketChannelImpl.write(Unknown Source) ~[na:1.8.0_161]
	at org.eclipse.jetty.io.ChannelEndPoint.flush(ChannelEndPoint.java:272) ~[org.eclipse.jetty.io_9.4.7.v20170914.jar:9.4.7.v20170914]
	... 63 common frames omitted
2018-03-01 10:17:59,684 [Stop Help Server] INFO  o.e.jetty.server.AbstractConnector - Stopped ServerConnector@56284664{HTTP/1.1,[http/1.1]}{127.0.0.1:0}
2018-03-01 10:17:59,684 [Stop Help Server] INFO  org.eclipse.jetty.server.session - Stopped scavenging
2018-03-01 10:17:59,750 [Stop Help Server] INFO  o.e.j.server.handler.ContextHandler - Stopped o.e.j.s.ServletContextHandler@3a8fafd0{/help,null,UNAVAILABLE}
2018-03-01 10:18:16,580 [Worker-0] INFO  c.g.t.t.d.PublishedGradleVersions - Gradle version information cache is out-of-date. Trying to update.
2018-03-02 09:45:21,941 [Worker-4] INFO  c.g.t.t.d.PublishedGradleVersions - Gradle version information cache is up-to-date. Trying to read.
2018-03-14 09:35:13,060 [Worker-5] INFO  c.g.t.t.d.PublishedGradleVersions - Gradle version information cache is out-of-date. Trying to update.
2018-03-14 09:37:51,818 [Worker-3] INFO  c.g.t.t.d.PublishedGradleVersions - Gradle version information cache is up-to-date. Trying to read.
2018-03-22 09:38:10,182 [Worker-5] INFO  c.g.t.t.d.PublishedGradleVersions - Gradle version information cache is out-of-date. Trying to update.
2018-03-28 10:51:16,440 [Worker-0] INFO  c.g.t.t.d.PublishedGradleVersions - Gradle version information cache is out-of-date. Trying to update.
